<?xml version="1.0" encoding="UTF-8"?>
<!-- Generated by org.testng.reporters.JUnitReportReporter -->
<testsuite hostname="LAPTOP-JHT5TKRK" failures="0" tests="1" name="test.ZerodhaLogInPageTest" time="34.869" errors="0" timestamp="2022-07-10T18:02:41 IST" skipped="0">
  <testcase classname="test.ZerodhaLogInPageTest" name="loginTest" time="34.869"/>
  <system-out/>
</testsuite> <!-- test.ZerodhaLogInPageTest -->
